Connecting to database specified by database.yml
Compiled jquery.js  (18ms)  (pid 33690)
Compiled jquery_ujs.js  (0ms)  (pid 33690)
Compiled books.js  (138ms)  (pid 33690)
Compiled movies.js  (70ms)  (pid 33690)
Compiled musics.js  (45ms)  (pid 33690)
Compiled static_pages.js  (45ms)  (pid 33690)
Compiled application.js  (368ms)  (pid 33690)
Compiled books.css  (32ms)  (pid 33690)
Compiled custom.css  (1339ms)  (pid 33690)
Compiled movies.css  (1ms)  (pid 33690)
Compiled musics.css  (0ms)  (pid 33690)
Compiled scaffolds.css  (7ms)  (pid 33690)
Compiled static_pages.css  (0ms)  (pid 33690)
Compiled application.css  (1457ms)  (pid 33690)
Connecting to database specified by database.yml
Compiled jquery.js  (1ms)  (pid 33690)
Compiled jquery_ujs.js  (0ms)  (pid 33690)
Compiled books.js  (46ms)  (pid 33690)
Compiled movies.js  (41ms)  (pid 33690)
Compiled musics.js  (67ms)  (pid 33690)
Compiled static_pages.js  (44ms)  (pid 33690)
Compiled application.js  (244ms)  (pid 33690)
Compiled books.css  (4ms)  (pid 33690)
Compiled custom.css  (1252ms)  (pid 33690)
Compiled movies.css  (0ms)  (pid 33690)
Compiled musics.css  (0ms)  (pid 33690)
Compiled scaffolds.css  (6ms)  (pid 33690)
Compiled static_pages.css  (0ms)  (pid 33690)
Compiled application.css  (1311ms)  (pid 33690)
